ERROR StatusLogger No log4j2 configuration file found. Using default configuration: logging only errors to the console.
15:35:39.514 [Connection checker] ERROR Service.DeviceChecker - Device lost
v 1
^ 10 1080 1920 255
$
360x640
d 0 693 1242 50
c
m 0 693 1224 50
c
m 0 585 939 50
c
m 0 435 405 50
c
m 0 366 27 50
c
u 0
c
d 0 771 1326 50
c
m 0 771 1281 50
c
m 0 672 354 50
c
m 0 609 -135 50
c
u 0
c
d 0 531 39 50
c
u 0
c
d 0 471 27 50
c
m 0 471 48 50
c
m 0 471 129 50
c
m 0 477 213 50
c
m 0 480 285 50
c
m 0 483 384 50
c
u 0
c
d 0 456 966 50
c
u 0
c
d 0 579 1689 50
c
u 0
c
d 0 72 1008 50
c
u 0
c
d 0 90 1233 50
c
u 0
c
d 0 1008 978 50
c
u 0
c
d 0 573 1875 50
c
u 0
c
d 0 870 1848 50
c
u 0
c
d 0 381 1704 50
c
u 0
c
d 0 564 1866 50
c
u 0
c
d 0 867 1332 50
c
u 0
c
d 0 732 1428 50
c
m 0 732 1407 50
c
m 0 609 963 50
c
m 0 549 519 50
c
m 0 531 222 50
c
u 0
c
d 0 414 57 50
c
m 0 402 102 50
c
m 0 333 471 50
c
m 0 330 747 50
c
m 0 336 957 50
c
u 0
c
d 0 318 1311 50
c
m 0 357 1311 50
c
m 0 753 1308 50
c
m 0 1179 1323 50
c
u 0
c
d 0 552 1740 50
c
m 0 552 1707 50
c
m 0 624 1131 50
c
m 0 654 909 50
c
u 0
c
17:17:59.319 [Connection checker] ERROR Service.DeviceChecker - Device lost
17:18:04.322 [Connection checker] ERROR Service.DeviceChecker - Device lost
17:18:09.320 [Connection checker] ERROR Service.DeviceChecker - Device lost
17:18:14.321 [Connection checker] ERROR Service.DeviceChecker - Device lost
17:18:19.320 [Connection checker] ERROR Service.DeviceChecker - Device lost
17:18:24.317 [Connection checker] ERROR Service.DeviceChecker - Device lost
17:18:29.317 [Connection checker] ERROR Service.DeviceChecker - Device lost
17:18:34.319 [Connection checker] ERROR Service.DeviceChecker - Device lost
17:18:39.319 [Connection checker] ERROR Service.DeviceChecker - Device lost
18:34:36.005 [Connection checker] ERROR Service.DeviceChecker - Device lost
18:34:39.113 [Connection checker] ERROR Service.DeviceChecker - Device lost
18:34:44.106 [Connection checker] ERROR Service.DeviceChecker - Device lost
18:34:49.108 [Connection checker] ERROR Service.DeviceChecker - Device lost
18:34:54.109 [Connection checker] ERROR Service.DeviceChecker - Device lost
18:34:59.107 [Connection checker] ERROR Service.DeviceChecker - Device lost
18:35:04.106 [Connection checker] ERROR Service.DeviceChecker - Device lost
18:35:09.104 [Connection checker] ERROR Service.DeviceChecker - Device lost
